<?xml version="1.0" encoding="UTF-8"?>
<!-- Generated by org.testng.reporters.JUnitReportReporter -->
<testsuite hostname="LAPTOP-QUOMNJ5A" failures="0" tests="1" name="GitBash.GitBashTest" time="0.008" errors="0" timestamp="01 Jun 2022 06:38:28 GMT" skipped="0">
  <testcase classname="GitBash.GitBashTest" name="gitBash" time="0.008"/>
</testsuite> <!-- GitBash.GitBashTest -->
